0 info it worked if it ends with ok
1 verbose cli [ '/usr/bin/node', '/usr/bin/npm', 'i', 'dotenv' ]
2 info using npm@3.5.2
3 info using node@v8.10.0
4 silly loadCurrentTree Starting
5 silly install loadCurrentTree
6 silly install readLocalPackageData
7 silly fetchPackageMetaData dotenv
8 silly fetchNamedPackageData dotenv
9 silly mapToRegistry name dotenv
10 silly mapToRegistry using default registry
11 silly mapToRegistry registry https://registry.npmjs.org/
12 silly mapToRegistry uri https://registry.npmjs.org/dotenv
13 verbose request uri https://registry.npmjs.org/dotenv
14 verbose request no auth needed
15 info attempt registry request try #1 at 12:13:28
16 verbose request id f0d60b2a2a40a8f9
17 verbose etag W/"356c618c062ea1107d4ed7eaa2b4e374"
18 verbose lastModified Thu, 02 May 2019 22:28:52 GMT
19 http request GET https://registry.npmjs.org/dotenv
20 http 304 https://registry.npmjs.org/dotenv
21 verbose headers { date: 'Tue, 07 May 2019 10:13:29 GMT',
21 verbose headers   connection: 'keep-alive',
21 verbose headers   'set-cookie':
21 verbose headers    [ '__cfduid=dd6cd895392aec9be6625b0a2801a41c61557224008; expires=Wed, 06-May-20 10:13:28 GMT; path=/; domain=.registry.npmjs.org; HttpOnly' ],
21 verbose headers   'cf-cache-status': 'HIT',
21 verbose headers   'cache-control': 'max-age=300',
21 verbose headers   'cf-ray': '4d326be839feb7db-CDG',
21 verbose headers   etag: '"356c618c062ea1107d4ed7eaa2b4e374"',
21 verbose headers   'expect-ct': 'max-age=604800, report-uri="https://report-uri.cloudflare.com/cdn-cgi/beacon/expect-ct"',
21 verbose headers   'last-modified': 'Thu, 02 May 2019 22:28:52 GMT',
21 verbose headers   vary: 'accept-encoding, accept',
21 verbose headers   'x-amz-meta-rev': '544-e8e76e1dbe27a94b10f7673796125f91',
21 verbose headers   server: 'cloudflare' }
22 silly get cb [ 304,
22 silly get   { date: 'Tue, 07 May 2019 10:13:29 GMT',
22 silly get     connection: 'keep-alive',
22 silly get     'set-cookie':
22 silly get      [ '__cfduid=dd6cd895392aec9be6625b0a2801a41c61557224008; expires=Wed, 06-May-20 10:13:28 GMT; path=/; domain=.registry.npmjs.org; HttpOnly' ],
22 silly get     'cf-cache-status': 'HIT',
22 silly get     'cache-control': 'max-age=300',
22 silly get     'cf-ray': '4d326be839feb7db-CDG',
22 silly get     etag: '"356c618c062ea1107d4ed7eaa2b4e374"',
22 silly get     'expect-ct': 'max-age=604800, report-uri="https://report-uri.cloudflare.com/cdn-cgi/beacon/expect-ct"',
22 silly get     'last-modified': 'Thu, 02 May 2019 22:28:52 GMT',
22 silly get     vary: 'accept-encoding, accept',
22 silly get     'x-amz-meta-rev': '544-e8e76e1dbe27a94b10f7673796125f91',
22 silly get     server: 'cloudflare' } ]
23 verbose etag https://registry.npmjs.org/dotenv from cache
24 verbose get saving dotenv to /home/rogerdc/.npm/registry.npmjs.org/dotenv/.cache.json
25 silly install normalizeTree
26 silly loadCurrentTree Finishing
27 silly loadIdealTree Starting
28 silly install loadIdealTree
29 silly cloneCurrentTree Starting
30 silly install cloneCurrentTreeToIdealTree
31 silly cloneCurrentTree Finishing
32 silly loadShrinkwrap Starting
33 silly install loadShrinkwrap
34 silly loadShrinkwrap Finishing
35 silly loadAllDepsIntoIdealTree Starting
36 silly install loadAllDepsIntoIdealTree
37 silly resolveWithNewModule dotenv@8.0.0 checking installable status
38 silly cache add args [ 'dotenv', null ]
39 verbose cache add spec dotenv
40 silly cache add parsed spec Result {
40 silly cache add   raw: 'dotenv',
40 silly cache add   scope: null,
40 silly cache add   name: 'dotenv',
40 silly cache add   rawSpec: '',
40 silly cache add   spec: 'latest',
40 silly cache add   type: 'tag' }
41 silly addNamed dotenv@latest
42 verbose addNamed "latest" is being treated as a dist-tag for dotenv
43 info addNameTag [ 'dotenv', 'latest' ]
44 silly mapToRegistry name dotenv
45 silly mapToRegistry using default registry
46 silly mapToRegistry registry https://registry.npmjs.org/
47 silly mapToRegistry uri https://registry.npmjs.org/dotenv
48 verbose addNameTag registry:https://registry.npmjs.org/dotenv not in flight; fetching
49 verbose get https://registry.npmjs.org/dotenv not expired, no request
50 silly addNameTag next cb for dotenv with tag latest
51 silly addNamed dotenv@8.0.0
52 verbose addNamed "8.0.0" is a plain semver version for dotenv
53 silly mapToRegistry name dotenv
54 silly mapToRegistry using default registry
55 silly mapToRegistry registry https://registry.npmjs.org/
56 silly mapToRegistry uri https://registry.npmjs.org/dotenv
57 verbose addRemoteTarball https://registry.npmjs.org/dotenv/-/dotenv-8.0.0.tgz not in flight; adding
58 verbose addRemoteTarball [ 'https://registry.npmjs.org/dotenv/-/dotenv-8.0.0.tgz',
58 verbose addRemoteTarball   'ed310c165b4e8a97bb745b0a9d99c31bda566440' ]
59 info retry fetch attempt 1 at 12:13:29
60 info attempt registry request try #1 at 12:13:29
61 http fetch GET https://registry.npmjs.org/dotenv/-/dotenv-8.0.0.tgz
62 http fetch 200 https://registry.npmjs.org/dotenv/-/dotenv-8.0.0.tgz
63 silly fetchAndShaCheck shasum ed310c165b4e8a97bb745b0a9d99c31bda566440
64 verbose addTmpTarball /tmp/npm-20600-5361a634/registry.npmjs.org/dotenv/-/dotenv-8.0.0.tgz not in flight; adding
65 verbose addTmpTarball already have metadata; skipping unpack for dotenv@8.0.0
66 silly cache afterAdd dotenv@8.0.0
67 verbose afterAdd /home/rogerdc/.npm/dotenv/8.0.0/package/package.json not in flight; writing
68 verbose afterAdd /home/rogerdc/.npm/dotenv/8.0.0/package/package.json written
69 silly fetchNamedPackageData fsevents
70 silly mapToRegistry name fsevents
71 silly mapToRegistry using default registry
72 silly mapToRegistry registry https://registry.npmjs.org/
73 silly mapToRegistry uri https://registry.npmjs.org/fsevents
74 verbose request uri https://registry.npmjs.org/fsevents
75 verbose request no auth needed
76 info attempt registry request try #1 at 12:13:29
77 verbose etag W/"b9228a09b9987792dd9d96bfeb0d7603"
78 verbose lastModified Tue, 30 Apr 2019 10:14:29 GMT
79 http request GET https://registry.npmjs.org/fsevents
80 http 304 https://registry.npmjs.org/fsevents
81 verbose headers { date: 'Tue, 07 May 2019 10:13:29 GMT',
81 verbose headers   connection: 'keep-alive',
81 verbose headers   'set-cookie':
81 verbose headers    [ '__cfduid=d0c519a40b630acac5403522c2e1872fb1557224009; expires=Wed, 06-May-20 10:13:29 GMT; path=/; domain=.registry.npmjs.org; HttpOnly' ],
81 verbose headers   'cf-cache-status': 'HIT',
81 verbose headers   'cache-control': 'max-age=300',
81 verbose headers   'cf-ray': '4d326bec1f09b7db-CDG',
81 verbose headers   etag: '"b9228a09b9987792dd9d96bfeb0d7603"',
81 verbose headers   'expect-ct': 'max-age=604800, report-uri="https://report-uri.cloudflare.com/cdn-cgi/beacon/expect-ct"',
81 verbose headers   'last-modified': 'Tue, 30 Apr 2019 10:14:29 GMT',
81 verbose headers   vary: 'accept-encoding, accept',
81 verbose headers   'x-amz-meta-rev': '158-efc5d0be151294e19862673d719e2256',
81 verbose headers   server: 'cloudflare' }
82 silly get cb [ 304,
82 silly get   { date: 'Tue, 07 May 2019 10:13:29 GMT',
82 silly get     connection: 'keep-alive',
82 silly get     'set-cookie':
82 silly get      [ '__cfduid=d0c519a40b630acac5403522c2e1872fb1557224009; expires=Wed, 06-May-20 10:13:29 GMT; path=/; domain=.registry.npmjs.org; HttpOnly' ],
82 silly get     'cf-cache-status': 'HIT',
82 silly get     'cache-control': 'max-age=300',
82 silly get     'cf-ray': '4d326bec1f09b7db-CDG',
82 silly get     etag: '"b9228a09b9987792dd9d96bfeb0d7603"',
82 silly get     'expect-ct': 'max-age=604800, report-uri="https://report-uri.cloudflare.com/cdn-cgi/beacon/expect-ct"',
82 silly get     'last-modified': 'Tue, 30 Apr 2019 10:14:29 GMT',
82 silly get     vary: 'accept-encoding, accept',
82 silly get     'x-amz-meta-rev': '158-efc5d0be151294e19862673d719e2256',
82 silly get     server: 'cloudflare' } ]
83 verbose etag https://registry.npmjs.org/fsevents from cache
84 verbose get saving fsevents to /home/rogerdc/.npm/registry.npmjs.org/fsevents/.cache.json
85 silly resolveWithNewModule fsevents@1.2.9 checking installable status
86 silly loadAllDepsIntoIdealTree Finishing
87 silly idealTree:prePrune zombiemaprest@1.0.0
87 silly idealTree:prePrune ├── @babel/code-frame@7.0.0
87 silly idealTree:prePrune ├─┬ @babel/core@7.4.4
87 silly idealTree:prePrune │ ├── debug@4.1.1
87 silly idealTree:prePrune │ ├── ms@2.1.1
87 silly idealTree:prePrune │ └── semver@5.7.0
87 silly idealTree:prePrune ├── @babel/generator@7.4.4
87 silly idealTree:prePrune ├── @babel/helper-annotate-as-pure@7.0.0
87 silly idealTree:prePrune ├── @babel/helper-builder-binary-assignment-operator-visitor@7.1.0
87 silly idealTree:prePrune ├── @babel/helper-call-delegate@7.4.4
87 silly idealTree:prePrune ├── @babel/helper-define-map@7.4.4
87 silly idealTree:prePrune ├── @babel/helper-explode-assignable-expression@7.1.0
87 silly idealTree:prePrune ├── @babel/helper-function-name@7.1.0
87 silly idealTree:prePrune ├── @babel/helper-get-function-arity@7.0.0
87 silly idealTree:prePrune ├── @babel/helper-hoist-variables@7.4.4
87 silly idealTree:prePrune ├── @babel/helper-member-expression-to-functions@7.0.0
87 silly idealTree:prePrune ├── @babel/helper-module-imports@7.0.0
87 silly idealTree:prePrune ├── @babel/helper-module-transforms@7.4.4
87 silly idealTree:prePrune ├── @babel/helper-optimise-call-expression@7.0.0
87 silly idealTree:prePrune ├── @babel/helper-plugin-utils@7.0.0
87 silly idealTree:prePrune ├── @babel/helper-regex@7.4.4
87 silly idealTree:prePrune ├── @babel/helper-remap-async-to-generator@7.1.0
87 silly idealTree:prePrune ├── @babel/helper-replace-supers@7.4.4
87 silly idealTree:prePrune ├── @babel/helper-simple-access@7.1.0
87 silly idealTree:prePrune ├── @babel/helper-split-export-declaration@7.4.4
87 silly idealTree:prePrune ├── @babel/helper-wrap-function@7.2.0
87 silly idealTree:prePrune ├── @babel/helpers@7.4.4
87 silly idealTree:prePrune ├── @babel/highlight@7.0.0
87 silly idealTree:prePrune ├── @babel/node@7.2.2
87 silly idealTree:prePrune ├── @babel/parser@7.4.4
87 silly idealTree:prePrune ├── @babel/plugin-proposal-async-generator-functions@7.2.0
87 silly idealTree:prePrune ├── @babel/plugin-proposal-json-strings@7.2.0
87 silly idealTree:prePrune ├── @babel/plugin-proposal-object-rest-spread@7.4.4
87 silly idealTree:prePrune ├── @babel/plugin-proposal-optional-catch-binding@7.2.0
87 silly idealTree:prePrune ├── @babel/plugin-proposal-unicode-property-regex@7.4.4
87 silly idealTree:prePrune ├── @babel/plugin-syntax-async-generators@7.2.0
87 silly idealTree:prePrune ├── @babel/plugin-syntax-json-strings@7.2.0
87 silly idealTree:prePrune ├── @babel/plugin-syntax-object-rest-spread@7.2.0
87 silly idealTree:prePrune ├── @babel/plugin-syntax-optional-catch-binding@7.2.0
87 silly idealTree:prePrune ├── @babel/plugin-transform-arrow-functions@7.2.0
87 silly idealTree:prePrune ├── @babel/plugin-transform-async-to-generator@7.4.4
87 silly idealTree:prePrune ├── @babel/plugin-transform-block-scoped-functions@7.2.0
87 silly idealTree:prePrune ├── @babel/plugin-transform-block-scoping@7.4.4
87 silly idealTree:prePrune ├── @babel/plugin-transform-classes@7.4.4
87 silly idealTree:prePrune ├── @babel/plugin-transform-computed-properties@7.2.0
87 silly idealTree:prePrune ├── @babel/plugin-transform-destructuring@7.4.4
87 silly idealTree:prePrune ├── @babel/plugin-transform-dotall-regex@7.4.4
87 silly idealTree:prePrune ├── @babel/plugin-transform-duplicate-keys@7.2.0
87 silly idealTree:prePrune ├── @babel/plugin-transform-exponentiation-operator@7.2.0
87 silly idealTree:prePrune ├── @babel/plugin-transform-for-of@7.4.4
87 silly idealTree:prePrune ├── @babel/plugin-transform-function-name@7.4.4
87 silly idealTree:prePrune ├── @babel/plugin-transform-literals@7.2.0
87 silly idealTree:prePrune ├── @babel/plugin-transform-member-expression-literals@7.2.0
87 silly idealTree:prePrune ├── @babel/plugin-transform-modules-amd@7.2.0
87 silly idealTree:prePrune ├── @babel/plugin-transform-modules-commonjs@7.4.4
87 silly idealTree:prePrune ├── @babel/plugin-transform-modules-systemjs@7.4.4
87 silly idealTree:prePrune ├── @babel/plugin-transform-modules-umd@7.2.0
87 silly idealTree:prePrune ├── @babel/plugin-transform-named-capturing-groups-regex@7.4.4
87 silly idealTree:prePrune ├── @babel/plugin-transform-new-target@7.4.4
87 silly idealTree:prePrune ├── @babel/plugin-transform-object-super@7.2.0
87 silly idealTree:prePrune ├── @babel/plugin-transform-parameters@7.4.4
87 silly idealTree:prePrune ├── @babel/plugin-transform-property-literals@7.2.0
87 silly idealTree:prePrune ├── @babel/plugin-transform-regenerator@7.4.4
87 silly idealTree:prePrune ├── @babel/plugin-transform-reserved-words@7.2.0
87 silly idealTree:prePrune ├── @babel/plugin-transform-shorthand-properties@7.2.0
87 silly idealTree:prePrune ├── @babel/plugin-transform-spread@7.2.2
87 silly idealTree:prePrune ├── @babel/plugin-transform-sticky-regex@7.2.0
87 silly idealTree:prePrune ├── @babel/plugin-transform-template-literals@7.4.4
87 silly idealTree:prePrune ├── @babel/plugin-transform-typeof-symbol@7.2.0
87 silly idealTree:prePrune ├── @babel/plugin-transform-unicode-regex@7.4.4
87 silly idealTree:prePrune ├── @babel/polyfill@7.4.4
87 silly idealTree:prePrune ├─┬ @babel/preset-env@7.4.4
87 silly idealTree:prePrune │ └── semver@5.7.0
87 silly idealTree:prePrune ├─┬ @babel/register@7.4.4
87 silly idealTree:prePrune │ └── core-js@3.0.1
87 silly idealTree:prePrune ├── @babel/template@7.4.4
87 silly idealTree:prePrune ├─┬ @babel/traverse@7.4.4
87 silly idealTree:prePrune │ ├── debug@4.1.1
87 silly idealTree:prePrune │ └── ms@2.1.1
87 silly idealTree:prePrune ├── @babel/types@7.4.4
87 silly idealTree:prePrune ├── @types/geojson@1.0.6
87 silly idealTree:prePrune ├── @types/node@12.0.0
87 silly idealTree:prePrune ├── abbrev@1.1.1
87 silly idealTree:prePrune ├── accepts@1.3.7
87 silly idealTree:prePrune ├── ansi-align@2.0.0
87 silly idealTree:prePrune ├── ansi-regex@3.0.0
87 silly idealTree:prePrune ├── ansi-styles@3.2.1
87 silly idealTree:prePrune ├─┬ anymatch@2.0.0
87 silly idealTree:prePrune │ └── normalize-path@2.1.1
87 silly idealTree:prePrune ├── arr-diff@4.0.0
87 silly idealTree:prePrune ├── arr-flatten@1.1.0
87 silly idealTree:prePrune ├── arr-union@3.1.0
87 silly idealTree:prePrune ├── array-flatten@1.1.1
87 silly idealTree:prePrune ├── array-unique@0.3.2
87 silly idealTree:prePrune ├── assign-symbols@1.0.0
87 silly idealTree:prePrune ├── async-each@1.0.3
87 silly idealTree:prePrune ├── atob@2.1.2
87 silly idealTree:prePrune ├── balanced-match@1.0.0
87 silly idealTree:prePrune ├─┬ base@0.11.2
87 silly idealTree:prePrune │ ├── define-property@1.0.0
87 silly idealTree:prePrune │ ├── is-accessor-descriptor@1.0.0
87 silly idealTree:prePrune │ ├── is-data-descriptor@1.0.0
87 silly idealTree:prePrune │ └── is-descriptor@1.0.2
87 silly idealTree:prePrune ├── binary-extensions@1.13.1
87 silly idealTree:prePrune ├── bluebird@3.5.4
87 silly idealTree:prePrune ├── body-parser@1.18.3
87 silly idealTree:prePrune ├── boxen@1.3.0
87 silly idealTree:prePrune ├── brace-expansion@1.1.11
87 silly idealTree:prePrune ├─┬ braces@2.3.2
87 silly idealTree:prePrune │ └── extend-shallow@2.0.1
87 silly idealTree:prePrune ├── browserslist@4.5.6
87 silly idealTree:prePrune ├── buffer-from@1.1.1
87 silly idealTree:prePrune ├── buffer-writer@2.0.0
87 silly idealTree:prePrune ├── bytes@3.0.0
87 silly idealTree:prePrune ├── cache-base@1.0.1
87 silly idealTree:prePrune ├── camelcase@4.1.0
87 silly idealTree:prePrune ├── caniuse-lite@1.0.30000967
87 silly idealTree:prePrune ├── capture-stack-trace@1.0.1
87 silly idealTree:prePrune ├── chalk@2.4.2
87 silly idealTree:prePrune ├── chokidar@2.1.5
87 silly idealTree:prePrune ├── ci-info@1.6.0
87 silly idealTree:prePrune ├─┬ class-utils@0.3.6
87 silly idealTree:prePrune │ └── define-property@0.2.5
87 silly idealTree:prePrune ├── cli-boxes@1.0.0
87 silly idealTree:prePrune ├── cls-bluebird@2.1.0
87 silly idealTree:prePrune ├── collection-visit@1.0.0
87 silly idealTree:prePrune ├── color-convert@1.9.3
87 silly idealTree:prePrune ├── color-name@1.1.3
87 silly idealTree:prePrune ├── commander@2.20.0
87 silly idealTree:prePrune ├── commondir@1.0.1
87 silly idealTree:prePrune ├── component-emitter@1.3.0
87 silly idealTree:prePrune ├── concat-map@0.0.1
87 silly idealTree:prePrune ├─┬ configstore@3.1.2
87 silly idealTree:prePrune │ ├── make-dir@1.3.0
87 silly idealTree:prePrune │ └── pify@3.0.0
87 silly idealTree:prePrune ├── content-disposition@0.5.2
87 silly idealTree:prePrune ├── content-type@1.0.4
87 silly idealTree:prePrune ├── convert-source-map@1.6.0
87 silly idealTree:prePrune ├── cookie-signature@1.0.6
87 silly idealTree:prePrune ├── cookie@0.3.1
87 silly idealTree:prePrune ├── copy-descriptor@0.1.1
87 silly idealTree:prePrune ├─┬ core-js-compat@3.0.1
87 silly idealTree:prePrune │ ├── core-js@3.0.1
87 silly idealTree:prePrune │ └── semver@6.0.0
87 silly idealTree:prePrune ├── core-js-pure@3.0.1
87 silly idealTree:prePrune ├── core-js@2.6.5
87 silly idealTree:prePrune ├── core-util-is@1.0.2
87 silly idealTree:prePrune ├── cors@2.8.5
87 silly idealTree:prePrune ├── create-error-class@3.0.2
87 silly idealTree:prePrune ├── cross-spawn@5.1.0
87 silly idealTree:prePrune ├── crypto-random-string@1.0.0
87 silly idealTree:prePrune ├── debug@2.6.9
87 silly idealTree:prePrune ├── decode-uri-component@0.2.0
87 silly idealTree:prePrune ├── deep-extend@0.6.0
87 silly idealTree:prePrune ├─┬ define-property@2.0.2
87 silly idealTree:prePrune │ ├── is-accessor-descriptor@1.0.0
87 silly idealTree:prePrune │ ├── is-data-descriptor@1.0.0
87 silly idealTree:prePrune │ └── is-descriptor@1.0.2
87 silly idealTree:prePrune ├── depd@1.1.2
87 silly idealTree:prePrune ├── destroy@1.0.4
87 silly idealTree:prePrune ├── dot-prop@4.2.0
87 silly idealTree:prePrune ├── dotenv@8.0.0
87 silly idealTree:prePrune ├── dottie@2.0.1
87 silly idealTree:prePrune ├── duplexer3@0.1.4
87 silly idealTree:prePrune ├── ee-first@1.1.1
87 silly idealTree:prePrune ├── electron-to-chromium@1.3.131
87 silly idealTree:prePrune ├── encodeurl@1.0.2
87 silly idealTree:prePrune ├── escape-html@1.0.3
87 silly idealTree:prePrune ├── escape-string-regexp@1.0.5
87 silly idealTree:prePrune ├── esutils@2.0.2
87 silly idealTree:prePrune ├── etag@1.8.1
87 silly idealTree:prePrune ├── execa@0.7.0
87 silly idealTree:prePrune ├─┬ expand-brackets@2.1.4
87 silly idealTree:prePrune │ ├── define-property@0.2.5
87 silly idealTree:prePrune │ └── extend-shallow@2.0.1
87 silly idealTree:prePrune ├── express@4.16.4
87 silly idealTree:prePrune ├─┬ extend-shallow@3.0.2
87 silly idealTree:prePrune │ └── is-extendable@1.0.1
87 silly idealTree:prePrune ├─┬ extglob@2.0.4
87 silly idealTree:prePrune │ ├── define-property@1.0.0
87 silly idealTree:prePrune │ ├── extend-shallow@2.0.1
87 silly idealTree:prePrune │ ├── is-accessor-descriptor@1.0.0
87 silly idealTree:prePrune │ ├── is-data-descriptor@1.0.0
87 silly idealTree:prePrune │ └── is-descriptor@1.0.2
87 silly idealTree:prePrune ├─┬ fill-range@4.0.0
87 silly idealTree:prePrune │ └── extend-shallow@2.0.1
87 silly idealTree:prePrune ├── finalhandler@1.1.1
87 silly idealTree:prePrune ├── find-cache-dir@2.1.0
87 silly idealTree:prePrune ├── find-up@3.0.0
87 silly idealTree:prePrune ├── for-in@1.0.2
87 silly idealTree:prePrune ├── forwarded@0.1.2
87 silly idealTree:prePrune ├── fragment-cache@0.2.1
87 silly idealTree:prePrune ├── fresh@0.5.2
87 silly idealTree:prePrune ├── generic-pool@3.5.0
87 silly idealTree:prePrune ├── get-stream@3.0.0
87 silly idealTree:prePrune ├── get-value@2.0.6
87 silly idealTree:prePrune ├─┬ glob-parent@3.1.0
87 silly idealTree:prePrune │ └── is-glob@3.1.0
87 silly idealTree:prePrune ├── global-dirs@0.1.1
87 silly idealTree:prePrune ├── globals@11.12.0
87 silly idealTree:prePrune ├── got@6.7.1
87 silly idealTree:prePrune ├── graceful-fs@4.1.15
87 silly idealTree:prePrune ├── has-flag@3.0.0
87 silly idealTree:prePrune ├── has-value@1.0.0
87 silly idealTree:prePrune ├─┬ has-values@1.0.0
87 silly idealTree:prePrune │ └── kind-of@4.0.0
87 silly idealTree:prePrune ├── homedir-polyfill@1.0.3
87 silly idealTree:prePrune ├── http-errors@1.6.3
87 silly idealTree:prePrune ├── iconv-lite@0.4.23
87 silly idealTree:prePrune ├── ignore-by-default@1.0.1
87 silly idealTree:prePrune ├── import-lazy@2.1.0
87 silly idealTree:prePrune ├── imurmurhash@0.1.4
87 silly idealTree:prePrune ├── inflection@1.12.0
87 silly idealTree:prePrune ├── inherits@2.0.3
87 silly idealTree:prePrune ├── ini@1.3.5
87 silly idealTree:prePrune ├── invariant@2.2.4
87 silly idealTree:prePrune ├── ipaddr.js@1.9.0
87 silly idealTree:prePrune ├─┬ is-accessor-descriptor@0.1.6
87 silly idealTree:prePrune │ └── kind-of@3.2.2
87 silly idealTree:prePrune ├── is-binary-path@1.0.1
87 silly idealTree:prePrune ├── is-bluebird@1.0.2
87 silly idealTree:prePrune ├── is-buffer@1.1.6
87 silly idealTree:prePrune ├── is-ci@1.2.1
87 silly idealTree:prePrune ├─┬ is-data-descriptor@0.1.4
87 silly idealTree:prePrune │ └── kind-of@3.2.2
87 silly idealTree:prePrune ├─┬ is-descriptor@0.1.6
87 silly idealTree:prePrune │ └── kind-of@5.1.0
87 silly idealTree:prePrune ├── is-extendable@0.1.1
87 silly idealTree:prePrune ├── is-extglob@2.1.1
87 silly idealTree:prePrune ├── is-fullwidth-code-point@2.0.0
87 silly idealTree:prePrune ├── is-glob@4.0.1
87 silly idealTree:prePrune ├── is-installed-globally@0.1.0
87 silly idealTree:prePrune ├── is-npm@1.0.0
87 silly idealTree:prePrune ├─┬ is-number@3.0.0
87 silly idealTree:prePrune │ └── kind-of@3.2.2
87 silly idealTree:prePrune ├── is-obj@1.0.1
87 silly idealTree:prePrune ├── is-path-inside@1.0.1
87 silly idealTree:prePrune ├── is-plain-object@2.0.4
87 silly idealTree:prePrune ├── is-redirect@1.0.0
87 silly idealTree:prePrune ├── is-retry-allowed@1.1.0
87 silly idealTree:prePrune ├── is-stream@1.1.0
87 silly idealTree:prePrune ├── is-windows@1.0.2
87 silly idealTree:prePrune ├── isarray@1.0.0
87 silly idealTree:prePrune ├── isexe@2.0.0
87 silly idealTree:prePrune ├── isobject@3.0.1
87 silly idealTree:prePrune ├── js-levenshtein@1.1.6
87 silly idealTree:prePrune ├── js-tokens@4.0.0
87 silly idealTree:prePrune ├── jsesc@2.5.2
87 silly idealTree:prePrune ├── json5@2.1.0
87 silly idealTree:prePrune ├── kind-of@6.0.2
87 silly idealTree:prePrune ├── latest-version@3.1.0
87 silly idealTree:prePrune ├── locate-path@3.0.0
87 silly idealTree:prePrune ├── lodash@4.17.11
87 silly idealTree:prePrune ├── loose-envify@1.4.0
87 silly idealTree:prePrune ├── lowercase-keys@1.0.1
87 silly idealTree:prePrune ├── lru-cache@4.1.5
87 silly idealTree:prePrune ├─┬ make-dir@2.1.0
87 silly idealTree:prePrune │ └── semver@5.7.0
87 silly idealTree:prePrune ├── map-cache@0.2.2
87 silly idealTree:prePrune ├── map-visit@1.0.0
87 silly idealTree:prePrune ├── media-typer@0.3.0
87 silly idealTree:prePrune ├── merge-descriptors@1.0.1
87 silly idealTree:prePrune ├── methods@1.1.2
87 silly idealTree:prePrune ├── micromatch@3.1.10
87 silly idealTree:prePrune ├── mime-db@1.40.0
87 silly idealTree:prePrune ├── mime-types@2.1.24
87 silly idealTree:prePrune ├── mime@1.4.1
87 silly idealTree:prePrune ├── minimatch@3.0.4
87 silly idealTree:prePrune ├── minimist@1.2.0
87 silly idealTree:prePrune ├─┬ mixin-deep@1.3.1
87 silly idealTree:prePrune │ └── is-extendable@1.0.1
87 silly idealTree:prePrune ├─┬ mkdirp@0.5.1
87 silly idealTree:prePrune │ └── minimist@0.0.8
87 silly idealTree:prePrune ├── moment-timezone@0.5.25
87 silly idealTree:prePrune ├── moment@2.24.0
87 silly idealTree:prePrune ├── ms@2.0.0
87 silly idealTree:prePrune ├── nanomatch@1.2.13
87 silly idealTree:prePrune ├── negotiator@0.6.2
87 silly idealTree:prePrune ├── node-modules-regexp@1.0.0
87 silly idealTree:prePrune ├─┬ node-releases@1.1.17
87 silly idealTree:prePrune │ └── semver@5.7.0
87 silly idealTree:prePrune ├─┬ nodemon@1.19.0
87 silly idealTree:prePrune │ ├── debug@3.2.6
87 silly idealTree:prePrune │ ├── ms@2.1.1
87 silly idealTree:prePrune │ └── semver@5.7.0
87 silly idealTree:prePrune ├── nopt@1.0.10
87 silly idealTree:prePrune ├── normalize-path@3.0.0
87 silly idealTree:prePrune ├── npm-run-path@2.0.2
87 silly idealTree:prePrune ├── object-assign@4.1.1
87 silly idealTree:prePrune ├─┬ object-copy@0.1.0
87 silly idealTree:prePrune │ ├── define-property@0.2.5
87 silly idealTree:prePrune │ └── kind-of@3.2.2
87 silly idealTree:prePrune ├── object-visit@1.0.1
87 silly idealTree:prePrune ├── object.pick@1.3.0
87 silly idealTree:prePrune ├── on-finished@2.3.0
87 silly idealTree:prePrune ├── p-finally@1.0.0
87 silly idealTree:prePrune ├── p-limit@2.2.0
87 silly idealTree:prePrune ├── p-locate@3.0.0
87 silly idealTree:prePrune ├── p-try@2.2.0
87 silly idealTree:prePrune ├─┬ package-json@4.0.1
87 silly idealTree:prePrune │ └── semver@5.7.0
87 silly idealTree:prePrune ├── packet-reader@1.0.0
87 silly idealTree:prePrune ├── parse-passwd@1.0.0
87 silly idealTree:prePrune ├── parseurl@1.3.3
87 silly idealTree:prePrune ├── pascalcase@0.1.1
87 silly idealTree:prePrune ├── path-dirname@1.0.2
87 silly idealTree:prePrune ├── path-exists@3.0.0
87 silly idealTree:prePrune ├── path-is-absolute@1.0.1
87 silly idealTree:prePrune ├── path-is-inside@1.0.2
87 silly idealTree:prePrune ├── path-key@2.0.1
87 silly idealTree:prePrune ├── path-parse@1.0.6
87 silly idealTree:prePrune ├── path-to-regexp@0.1.7
87 silly idealTree:prePrune ├── pg-connection-string@0.1.3
87 silly idealTree:prePrune ├── pg-int8@1.0.1
87 silly idealTree:prePrune ├── pg-pool@2.0.6
87 silly idealTree:prePrune ├── pg-types@2.0.1
87 silly idealTree:prePrune ├── pg@7.10.0
87 silly idealTree:prePrune ├── pgpass@1.0.2
87 silly idealTree:prePrune ├── pify@4.0.1
87 silly idealTree:prePrune ├── pirates@4.0.1
87 silly idealTree:prePrune ├── pkg-dir@3.0.0
87 silly idealTree:prePrune ├── posix-character-classes@0.1.1
87 silly idealTree:prePrune ├── postgres-array@2.0.0
87 silly idealTree:prePrune ├── postgres-bytea@1.0.0
87 silly idealTree:prePrune ├── postgres-date@1.0.4
87 silly idealTree:prePrune ├── postgres-interval@1.2.0
87 silly idealTree:prePrune ├── prepend-http@1.0.4
87 silly idealTree:prePrune ├── private@0.1.8
87 silly idealTree:prePrune ├── process-nextick-args@2.0.0
87 silly idealTree:prePrune ├── proxy-addr@2.0.5
87 silly idealTree:prePrune ├── pseudomap@1.0.2
87 silly idealTree:prePrune ├── pstree.remy@1.1.6
87 silly idealTree:prePrune ├── qs@6.5.2
87 silly idealTree:prePrune ├── range-parser@1.2.0
87 silly idealTree:prePrune ├── raw-body@2.3.3
87 silly idealTree:prePrune ├── rc@1.2.8
87 silly idealTree:prePrune ├── readable-stream@2.3.6
87 silly idealTree:prePrune ├── readdirp@2.2.1
87 silly idealTree:prePrune ├── regenerate-unicode-properties@8.0.2
87 silly idealTree:prePrune ├── regenerate@1.4.0
87 silly idealTree:prePrune ├── regenerator-runtime@0.13.2
87 silly idealTree:prePrune ├── regenerator-transform@0.13.4
87 silly idealTree:prePrune ├── regex-not@1.0.2
87 silly idealTree:prePrune ├── regexp-tree@0.1.6
87 silly idealTree:prePrune ├── regexpu-core@4.5.4
87 silly idealTree:prePrune ├── registry-auth-token@3.4.0
87 silly idealTree:prePrune ├── registry-url@3.1.0
87 silly idealTree:prePrune ├── regjsgen@0.5.0
87 silly idealTree:prePrune ├─┬ regjsparser@0.6.0
87 silly idealTree:prePrune │ └── jsesc@0.5.0
87 silly idealTree:prePrune ├── remove-trailing-separator@1.1.0
87 silly idealTree:prePrune ├── repeat-element@1.1.3
87 silly idealTree:prePrune ├── repeat-string@1.6.1
87 silly idealTree:prePrune ├── resolve-url@0.2.1
87 silly idealTree:prePrune ├── resolve@1.10.1
87 silly idealTree:prePrune ├── ret@0.1.15
87 silly idealTree:prePrune ├── retry-as-promised@2.3.2
87 silly idealTree:prePrune ├── safe-buffer@5.1.2
87 silly idealTree:prePrune ├── safe-regex@1.1.0
87 silly idealTree:prePrune ├── safer-buffer@2.1.2
87 silly idealTree:prePrune ├─┬ semver-diff@2.1.0
87 silly idealTree:prePrune │ └── semver@5.7.0
87 silly idealTree:prePrune ├── semver@4.3.2
87 silly idealTree:prePrune ├── send@0.16.2
87 silly idealTree:prePrune ├─┬ sequelize@4.44.0
87 silly idealTree:prePrune │ ├── debug@3.2.6
87 silly idealTree:prePrune │ ├── ms@2.1.1
87 silly idealTree:prePrune │ └── semver@5.7.0
87 silly idealTree:prePrune ├── serve-static@1.13.2
87 silly idealTree:prePrune ├─┬ set-value@2.0.0
87 silly idealTree:prePrune │ └── extend-shallow@2.0.1
87 silly idealTree:prePrune ├── setprototypeof@1.1.0
87 silly idealTree:prePrune ├── shebang-command@1.2.0
87 silly idealTree:prePrune ├── shebang-regex@1.0.0
87 silly idealTree:prePrune ├── shimmer@1.2.1
87 silly idealTree:prePrune ├── signal-exit@3.0.2
87 silly idealTree:prePrune ├─┬ snapdragon-node@2.1.1
87 silly idealTree:prePrune │ ├── define-property@1.0.0
87 silly idealTree:prePrune │ ├── is-accessor-descriptor@1.0.0
87 silly idealTree:prePrune │ ├── is-data-descriptor@1.0.0
87 silly idealTree:prePrune │ └── is-descriptor@1.0.2
87 silly idealTree:prePrune ├─┬ snapdragon-util@3.0.1
87 silly idealTree:prePrune │ └── kind-of@3.2.2
87 silly idealTree:prePrune ├─┬ snapdragon@0.8.2
87 silly idealTree:prePrune │ ├── define-property@0.2.5
87 silly idealTree:prePrune │ └── extend-shallow@2.0.1
87 silly idealTree:prePrune ├── source-map-resolve@0.5.2
87 silly idealTree:prePrune ├─┬ source-map-support@0.5.12
87 silly idealTree:prePrune │ └── source-map@0.6.1
87 silly idealTree:prePrune ├── source-map-url@0.4.0
87 silly idealTree:prePrune ├── source-map@0.5.7
87 silly idealTree:prePrune ├── split-string@3.1.0
87 silly idealTree:prePrune ├── split@1.0.1
87 silly idealTree:prePrune ├─┬ static-extend@0.1.2
87 silly idealTree:prePrune │ └── define-property@0.2.5
87 silly idealTree:prePrune ├── statuses@1.4.0
87 silly idealTree:prePrune ├── string_decoder@1.1.1
87 silly idealTree:prePrune ├── string-width@2.1.1
87 silly idealTree:prePrune ├── strip-ansi@4.0.0
87 silly idealTree:prePrune ├── strip-eof@1.0.0
87 silly idealTree:prePrune ├── strip-json-comments@2.0.1
87 silly idealTree:prePrune ├── supports-color@5.5.0
87 silly idealTree:prePrune ├── term-size@1.2.0
87 silly idealTree:prePrune ├── terraformer-wkt-parser@1.2.0
87 silly idealTree:prePrune ├── terraformer@1.0.9
87 silly idealTree:prePrune ├── through@2.3.8
87 silly idealTree:prePrune ├── timed-out@4.0.1
87 silly idealTree:prePrune ├── to-fast-properties@2.0.0
87 silly idealTree:prePrune ├─┬ to-object-path@0.3.0
87 silly idealTree:prePrune │ └── kind-of@3.2.2
87 silly idealTree:prePrune ├── to-regex-range@2.1.1
87 silly idealTree:prePrune ├── to-regex@3.0.2
87 silly idealTree:prePrune ├── toposort-class@1.0.1
87 silly idealTree:prePrune ├── touch@3.1.0
87 silly idealTree:prePrune ├── trim-right@1.0.1
87 silly idealTree:prePrune ├── type-is@1.6.18
87 silly idealTree:prePrune ├── undefsafe@2.0.2
87 silly idealTree:prePrune ├── unicode-canonical-property-names-ecmascript@1.0.4
87 silly idealTree:prePrune ├── unicode-match-property-ecmascript@1.0.4
87 silly idealTree:prePrune ├── unicode-match-property-value-ecmascript@1.1.0
87 silly idealTree:prePrune ├── unicode-property-aliases-ecmascript@1.0.5
87 silly idealTree:prePrune ├─┬ union-value@1.0.0
87 silly idealTree:prePrune │ ├── extend-shallow@2.0.1
87 silly idealTree:prePrune │ └── set-value@0.4.3
87 silly idealTree:prePrune ├── unique-string@1.0.0
87 silly idealTree:prePrune ├── unpipe@1.0.0
87 silly idealTree:prePrune ├─┬ unset-value@1.0.0
87 silly idealTree:prePrune │ ├─┬ has-value@0.3.1
87 silly idealTree:prePrune │ │ └── isobject@2.1.0
87 silly idealTree:prePrune │ └── has-values@0.1.4
87 silly idealTree:prePrune ├── unzip-response@2.0.1
87 silly idealTree:prePrune ├── upath@1.1.2
87 silly idealTree:prePrune ├── update-notifier@2.5.0
87 silly idealTree:prePrune ├── urix@0.1.0
87 silly idealTree:prePrune ├── url-parse-lax@1.0.0
87 silly idealTree:prePrune ├── use@3.1.1
87 silly idealTree:prePrune ├── util-deprecate@1.0.2
87 silly idealTree:prePrune ├── utils-merge@1.0.1
87 silly idealTree:prePrune ├── uuid@3.3.2
87 silly idealTree:prePrune ├── v8flags@3.1.2
87 silly idealTree:prePrune ├── validator@10.11.0
87 silly idealTree:prePrune ├── vary@1.1.2
87 silly idealTree:prePrune ├── which@1.3.1
87 silly idealTree:prePrune ├── widest-line@2.0.1
87 silly idealTree:prePrune ├── wkx@0.4.6
87 silly idealTree:prePrune ├── write-file-atomic@2.4.2
87 silly idealTree:prePrune ├── xdg-basedir@3.0.0
87 silly idealTree:prePrune ├── xtend@4.0.1
87 silly idealTree:prePrune └── yallist@2.1.2
88 silly loadIdealTree Finishing
89 silly currentTree zombiemaprest@1.0.0
89 silly currentTree ├── @babel/code-frame@7.0.0
89 silly currentTree ├─┬ @babel/core@7.4.4
89 silly currentTree │ ├── debug@4.1.1
89 silly currentTree │ ├── ms@2.1.1
89 silly currentTree │ └── semver@5.7.0
89 silly currentTree ├── @babel/generator@7.4.4
89 silly currentTree ├── @babel/helper-annotate-as-pure@7.0.0
89 silly currentTree ├── @babel/helper-builder-binary-assignment-operator-visitor@7.1.0
89 silly currentTree ├── @babel/helper-call-delegate@7.4.4
89 silly currentTree ├── @babel/helper-define-map@7.4.4
89 silly currentTree ├── @babel/helper-explode-assignable-expression@7.1.0
89 silly currentTree ├── @babel/helper-function-name@7.1.0
89 silly currentTree ├── @babel/helper-get-function-arity@7.0.0
89 silly currentTree ├── @babel/helper-hoist-variables@7.4.4
89 silly currentTree ├── @babel/helper-member-expression-to-functions@7.0.0
89 silly currentTree ├── @babel/helper-module-imports@7.0.0
89 silly currentTree ├── @babel/helper-module-transforms@7.4.4
89 silly currentTree ├── @babel/helper-optimise-call-expression@7.0.0
89 silly currentTree ├── @babel/helper-plugin-utils@7.0.0
89 silly currentTree ├── @babel/helper-regex@7.4.4
89 silly currentTree ├── @babel/helper-remap-async-to-generator@7.1.0
89 silly currentTree ├── @babel/helper-replace-supers@7.4.4
89 silly currentTree ├── @babel/helper-simple-access@7.1.0
89 silly currentTree ├── @babel/helper-split-export-declaration@7.4.4
89 silly currentTree ├── @babel/helper-wrap-function@7.2.0
89 silly currentTree ├── @babel/helpers@7.4.4
89 silly currentTree ├── @babel/highlight@7.0.0
89 silly currentTree ├── @babel/node@7.2.2
89 silly currentTree ├── @babel/parser@7.4.4
89 silly currentTree ├── @babel/plugin-proposal-async-generator-functions@7.2.0
89 silly currentTree ├── @babel/plugin-proposal-json-strings@7.2.0
89 silly currentTree ├── @babel/plugin-proposal-object-rest-spread@7.4.4
89 silly currentTree ├── @babel/plugin-proposal-optional-catch-binding@7.2.0
89 silly currentTree ├── @babel/plugin-proposal-unicode-property-regex@7.4.4
89 silly currentTree ├── @babel/plugin-syntax-async-generators@7.2.0
89 silly currentTree ├── @babel/plugin-syntax-json-strings@7.2.0
89 silly currentTree ├── @babel/plugin-syntax-object-rest-spread@7.2.0
89 silly currentTree ├── @babel/plugin-syntax-optional-catch-binding@7.2.0
89 silly currentTree ├── @babel/plugin-transform-arrow-functions@7.2.0
89 silly currentTree ├── @babel/plugin-transform-async-to-generator@7.4.4
89 silly currentTree ├── @babel/plugin-transform-block-scoped-functions@7.2.0
89 silly currentTree ├── @babel/plugin-transform-block-scoping@7.4.4
89 silly currentTree ├── @babel/plugin-transform-classes@7.4.4
89 silly currentTree ├── @babel/plugin-transform-computed-properties@7.2.0
89 silly currentTree ├── @babel/plugin-transform-destructuring@7.4.4
89 silly currentTree ├── @babel/plugin-transform-dotall-regex@7.4.4
89 silly currentTree ├── @babel/plugin-transform-duplicate-keys@7.2.0
89 silly currentTree ├── @babel/plugin-transform-exponentiation-operator@7.2.0
89 silly currentTree ├── @babel/plugin-transform-for-of@7.4.4
89 silly currentTree ├── @babel/plugin-transform-function-name@7.4.4
89 silly currentTree ├── @babel/plugin-transform-literals@7.2.0
89 silly currentTree ├── @babel/plugin-transform-member-expression-literals@7.2.0
89 silly currentTree ├── @babel/plugin-transform-modules-amd@7.2.0
89 silly currentTree ├── @babel/plugin-transform-modules-commonjs@7.4.4
89 silly currentTree ├── @babel/plugin-transform-modules-systemjs@7.4.4
89 silly currentTree ├── @babel/plugin-transform-modules-umd@7.2.0
89 silly currentTree ├── @babel/plugin-transform-named-capturing-groups-regex@7.4.4
89 silly currentTree ├── @babel/plugin-transform-new-target@7.4.4
89 silly currentTree ├── @babel/plugin-transform-object-super@7.2.0
89 silly currentTree ├── @babel/plugin-transform-parameters@7.4.4
89 silly currentTree ├── @babel/plugin-transform-property-literals@7.2.0
89 silly currentTree ├── @babel/plugin-transform-regenerator@7.4.4
89 silly currentTree ├── @babel/plugin-transform-reserved-words@7.2.0
89 silly currentTree ├── @babel/plugin-transform-shorthand-properties@7.2.0
89 silly currentTree ├── @babel/plugin-transform-spread@7.2.2
89 silly currentTree ├── @babel/plugin-transform-sticky-regex@7.2.0
89 silly currentTree ├── @babel/plugin-transform-template-literals@7.4.4
89 silly currentTree ├── @babel/plugin-transform-typeof-symbol@7.2.0
89 silly currentTree ├── @babel/plugin-transform-unicode-regex@7.4.4
89 silly currentTree ├── @babel/polyfill@7.4.4
89 silly currentTree ├─┬ @babel/preset-env@7.4.4
89 silly currentTree │ └── semver@5.7.0
89 silly currentTree ├─┬ @babel/register@7.4.4
89 silly currentTree │ └── core-js@3.0.1
89 silly currentTree ├── @babel/template@7.4.4
89 silly currentTree ├─┬ @babel/traverse@7.4.4
89 silly currentTree │ ├── debug@4.1.1
89 silly currentTree │ └── ms@2.1.1
89 silly currentTree ├── @babel/types@7.4.4
89 silly currentTree ├── @types/geojson@1.0.6
89 silly currentTree ├── @types/node@12.0.0
89 silly currentTree ├── abbrev@1.1.1
89 silly currentTree ├── accepts@1.3.7
89 silly currentTree ├── ansi-align@2.0.0
89 silly currentTree ├── ansi-regex@3.0.0
89 silly currentTree ├── ansi-styles@3.2.1
89 silly currentTree ├─┬ anymatch@2.0.0
89 silly currentTree │ └── normalize-path@2.1.1
89 silly currentTree ├── arr-diff@4.0.0
89 silly currentTree ├── arr-flatten@1.1.0
89 silly currentTree ├── arr-union@3.1.0
89 silly currentTree ├── array-flatten@1.1.1
89 silly currentTree ├── array-unique@0.3.2
89 silly currentTree ├── assign-symbols@1.0.0
89 silly currentTree ├── async-each@1.0.3
89 silly currentTree ├── atob@2.1.2
89 silly currentTree ├── balanced-match@1.0.0
89 silly currentTree ├─┬ base@0.11.2
89 silly currentTree │ ├── define-property@1.0.0
89 silly currentTree │ ├── is-accessor-descriptor@1.0.0
89 silly currentTree │ ├── is-data-descriptor@1.0.0
89 silly currentTree │ └── is-descriptor@1.0.2
89 silly currentTree ├── binary-extensions@1.13.1
89 silly currentTree ├── bluebird@3.5.4
89 silly currentTree ├── body-parser@1.18.3
89 silly currentTree ├── boxen@1.3.0
89 silly currentTree ├── brace-expansion@1.1.11
89 silly currentTree ├─┬ braces@2.3.2
89 silly currentTree │ └── extend-shallow@2.0.1
89 silly currentTree ├── browserslist@4.5.6
89 silly currentTree ├── buffer-from@1.1.1
89 silly currentTree ├── buffer-writer@2.0.0
89 silly currentTree ├── bytes@3.0.0
89 silly currentTree ├── cache-base@1.0.1
89 silly currentTree ├── camelcase@4.1.0
89 silly currentTree ├── caniuse-lite@1.0.30000967
89 silly currentTree ├── capture-stack-trace@1.0.1
89 silly currentTree ├── chalk@2.4.2
89 silly currentTree ├── chokidar@2.1.5
89 silly currentTree ├── ci-info@1.6.0
89 silly currentTree ├─┬ class-utils@0.3.6
89 silly currentTree │ └── define-property@0.2.5
89 silly currentTree ├── cli-boxes@1.0.0
89 silly currentTree ├── cls-bluebird@2.1.0
89 silly currentTree ├── collection-visit@1.0.0
89 silly currentTree ├── color-convert@1.9.3
89 silly currentTree ├── color-name@1.1.3
89 silly currentTree ├── commander@2.20.0
89 silly currentTree ├── commondir@1.0.1
89 silly currentTree ├── component-emitter@1.3.0
89 silly currentTree ├── concat-map@0.0.1
89 silly currentTree ├─┬ configstore@3.1.2
89 silly currentTree │ ├── make-dir@1.3.0
89 silly currentTree │ └── pify@3.0.0
89 silly currentTree ├── content-disposition@0.5.2
89 silly currentTree ├── content-type@1.0.4
89 silly currentTree ├── convert-source-map@1.6.0
89 silly currentTree ├── cookie-signature@1.0.6
89 silly currentTree ├── cookie@0.3.1
89 silly currentTree ├── copy-descriptor@0.1.1
89 silly currentTree ├─┬ core-js-compat@3.0.1
89 silly currentTree │ ├── core-js@3.0.1
89 silly currentTree │ └── semver@6.0.0
89 silly currentTree ├── core-js-pure@3.0.1
89 silly currentTree ├── core-js@2.6.5
89 silly currentTree ├── core-util-is@1.0.2
89 silly currentTree ├── cors@2.8.5
89 silly currentTree ├── create-error-class@3.0.2
89 silly currentTree ├── cross-spawn@5.1.0
89 silly currentTree ├── crypto-random-string@1.0.0
89 silly currentTree ├── debug@2.6.9
89 silly currentTree ├── decode-uri-component@0.2.0
89 silly currentTree ├── deep-extend@0.6.0
89 silly currentTree ├─┬ define-property@2.0.2
89 silly currentTree │ ├── is-accessor-descriptor@1.0.0
89 silly currentTree │ ├── is-data-descriptor@1.0.0
89 silly currentTree │ └── is-descriptor@1.0.2
89 silly currentTree ├── depd@1.1.2
89 silly currentTree ├── destroy@1.0.4
89 silly currentTree ├── dot-prop@4.2.0
89 silly currentTree ├── dottie@2.0.1
89 silly currentTree ├── duplexer3@0.1.4
89 silly currentTree ├── ee-first@1.1.1
89 silly currentTree ├── electron-to-chromium@1.3.131
89 silly currentTree ├── encodeurl@1.0.2
89 silly currentTree ├── escape-html@1.0.3
89 silly currentTree ├── escape-string-regexp@1.0.5
89 silly currentTree ├── esutils@2.0.2
89 silly currentTree ├── etag@1.8.1
89 silly currentTree ├── execa@0.7.0
89 silly currentTree ├─┬ expand-brackets@2.1.4
89 silly currentTree │ ├── define-property@0.2.5
89 silly currentTree │ └── extend-shallow@2.0.1
89 silly currentTree ├── express@4.16.4
89 silly currentTree ├─┬ extend-shallow@3.0.2
89 silly currentTree │ └── is-extendable@1.0.1
89 silly currentTree ├─┬ extglob@2.0.4
89 silly currentTree │ ├── define-property@1.0.0
89 silly currentTree │ ├── extend-shallow@2.0.1
89 silly currentTree │ ├── is-accessor-descriptor@1.0.0
89 silly currentTree │ ├── is-data-descriptor@1.0.0
89 silly currentTree │ └── is-descriptor@1.0.2
89 silly currentTree ├─┬ fill-range@4.0.0
89 silly currentTree │ └── extend-shallow@2.0.1
89 silly currentTree ├── finalhandler@1.1.1
89 silly currentTree ├── find-cache-dir@2.1.0
89 silly currentTree ├── find-up@3.0.0
89 silly currentTree ├── for-in@1.0.2
89 silly currentTree ├── forwarded@0.1.2
89 silly currentTree ├── fragment-cache@0.2.1
89 silly currentTree ├── fresh@0.5.2
89 silly currentTree ├── generic-pool@3.5.0
89 silly currentTree ├── get-stream@3.0.0
89 silly currentTree ├── get-value@2.0.6
89 silly currentTree ├─┬ glob-parent@3.1.0
89 silly currentTree │ └── is-glob@3.1.0
89 silly currentTree ├── global-dirs@0.1.1
89 silly currentTree ├── globals@11.12.0
89 silly currentTree ├── got@6.7.1
89 silly currentTree ├── graceful-fs@4.1.15
89 silly currentTree ├── has-flag@3.0.0
89 silly currentTree ├── has-value@1.0.0
89 silly currentTree ├─┬ has-values@1.0.0
89 silly currentTree │ └── kind-of@4.0.0
89 silly currentTree ├── homedir-polyfill@1.0.3
89 silly currentTree ├── http-errors@1.6.3
89 silly currentTree ├── iconv-lite@0.4.23
89 silly currentTree ├── ignore-by-default@1.0.1
89 silly currentTree ├── import-lazy@2.1.0
89 silly currentTree ├── imurmurhash@0.1.4
89 silly currentTree ├── inflection@1.12.0
89 silly currentTree ├── inherits@2.0.3
89 silly currentTree ├── ini@1.3.5
89 silly currentTree ├── invariant@2.2.4
89 silly currentTree ├── ipaddr.js@1.9.0
89 silly currentTree ├─┬ is-accessor-descriptor@0.1.6
89 silly currentTree │ └── kind-of@3.2.2
89 silly currentTree ├── is-binary-path@1.0.1
89 silly currentTree ├── is-bluebird@1.0.2
89 silly currentTree ├── is-buffer@1.1.6
89 silly currentTree ├── is-ci@1.2.1
89 silly currentTree ├─┬ is-data-descriptor@0.1.4
89 silly currentTree │ └── kind-of@3.2.2
89 silly currentTree ├─┬ is-descriptor@0.1.6
89 silly currentTree │ └── kind-of@5.1.0
89 silly currentTree ├── is-extendable@0.1.1
89 silly currentTree ├── is-extglob@2.1.1
89 silly currentTree ├── is-fullwidth-code-point@2.0.0
89 silly currentTree ├── is-glob@4.0.1
89 silly currentTree ├── is-installed-globally@0.1.0
89 silly currentTree ├── is-npm@1.0.0
89 silly currentTree ├─┬ is-number@3.0.0
89 silly currentTree │ └── kind-of@3.2.2
89 silly currentTree ├── is-obj@1.0.1
89 silly currentTree ├── is-path-inside@1.0.1
89 silly currentTree ├── is-plain-object@2.0.4
89 silly currentTree ├── is-redirect@1.0.0
89 silly currentTree ├── is-retry-allowed@1.1.0
89 silly currentTree ├── is-stream@1.1.0
89 silly currentTree ├── is-windows@1.0.2
89 silly currentTree ├── isarray@1.0.0
89 silly currentTree ├── isexe@2.0.0
89 silly currentTree ├── isobject@3.0.1
89 silly currentTree ├── js-levenshtein@1.1.6
89 silly currentTree ├── js-tokens@4.0.0
89 silly currentTree ├── jsesc@2.5.2
89 silly currentTree ├── json5@2.1.0
89 silly currentTree ├── kind-of@6.0.2
89 silly currentTree ├── latest-version@3.1.0
89 silly currentTree ├── locate-path@3.0.0
89 silly currentTree ├── lodash@4.17.11
89 silly currentTree ├── loose-envify@1.4.0
89 silly currentTree ├── lowercase-keys@1.0.1
89 silly currentTree ├── lru-cache@4.1.5
89 silly currentTree ├─┬ make-dir@2.1.0
89 silly currentTree │ └── semver@5.7.0
89 silly currentTree ├── map-cache@0.2.2
89 silly currentTree ├── map-visit@1.0.0
89 silly currentTree ├── media-typer@0.3.0
89 silly currentTree ├── merge-descriptors@1.0.1
89 silly currentTree ├── methods@1.1.2
89 silly currentTree ├── micromatch@3.1.10
89 silly currentTree ├── mime-db@1.40.0
89 silly currentTree ├── mime-types@2.1.24
89 silly currentTree ├── mime@1.4.1
89 silly currentTree ├── minimatch@3.0.4
89 silly currentTree ├── minimist@1.2.0
89 silly currentTree ├─┬ mixin-deep@1.3.1
89 silly currentTree │ └── is-extendable@1.0.1
89 silly currentTree ├─┬ mkdirp@0.5.1
89 silly currentTree │ └── minimist@0.0.8
89 silly currentTree ├── moment-timezone@0.5.25
89 silly currentTree ├── moment@2.24.0
89 silly currentTree ├── ms@2.0.0
89 silly currentTree ├── nanomatch@1.2.13
89 silly currentTree ├── negotiator@0.6.2
89 silly currentTree ├── node-modules-regexp@1.0.0
89 silly currentTree ├─┬ node-releases@1.1.17
89 silly currentTree │ └── semver@5.7.0
89 silly currentTree ├─┬ nodemon@1.19.0
89 silly currentTree │ ├── debug@3.2.6
89 silly currentTree │ ├── ms@2.1.1
89 silly currentTree │ └── semver@5.7.0
89 silly currentTree ├── nopt@1.0.10
89 silly currentTree ├── normalize-path@3.0.0
89 silly currentTree ├── npm-run-path@2.0.2
89 silly currentTree ├── object-assign@4.1.1
89 silly currentTree ├─┬ object-copy@0.1.0
89 silly currentTree │ ├── define-property@0.2.5
89 silly currentTree │ └── kind-of@3.2.2
89 silly currentTree ├── object-visit@1.0.1
89 silly currentTree ├── object.pick@1.3.0
89 silly currentTree ├── on-finished@2.3.0
89 silly currentTree ├── p-finally@1.0.0
89 silly currentTree ├── p-limit@2.2.0
89 silly currentTree ├── p-locate@3.0.0
89 silly currentTree ├── p-try@2.2.0
89 silly currentTree ├─┬ package-json@4.0.1
89 silly currentTree │ └── semver@5.7.0
89 silly currentTree ├── packet-reader@1.0.0
89 silly currentTree ├── parse-passwd@1.0.0
89 silly currentTree ├── parseurl@1.3.3
89 silly currentTree ├── pascalcase@0.1.1
89 silly currentTree ├── path-dirname@1.0.2
89 silly currentTree ├── path-exists@3.0.0
89 silly currentTree ├── path-is-absolute@1.0.1
89 silly currentTree ├── path-is-inside@1.0.2
89 silly currentTree ├── path-key@2.0.1
89 silly currentTree ├── path-parse@1.0.6
89 silly currentTree ├── path-to-regexp@0.1.7
89 silly currentTree ├── pg-connection-string@0.1.3
89 silly currentTree ├── pg-int8@1.0.1
89 silly currentTree ├── pg-pool@2.0.6
89 silly currentTree ├── pg-types@2.0.1
89 silly currentTree ├── pg@7.10.0
89 silly currentTree ├── pgpass@1.0.2
89 silly currentTree ├── pify@4.0.1
89 silly currentTree ├── pirates@4.0.1
89 silly currentTree ├── pkg-dir@3.0.0
89 silly currentTree ├── posix-character-classes@0.1.1
89 silly currentTree ├── postgres-array@2.0.0
89 silly currentTree ├── postgres-bytea@1.0.0
89 silly currentTree ├── postgres-date@1.0.4
89 silly currentTree ├── postgres-interval@1.2.0
89 silly currentTree ├── prepend-http@1.0.4
89 silly currentTree ├── private@0.1.8
89 silly currentTree ├── process-nextick-args@2.0.0
89 silly currentTree ├── proxy-addr@2.0.5
89 silly currentTree ├── pseudomap@1.0.2
89 silly currentTree ├── pstree.remy@1.1.6
89 silly currentTree ├── qs@6.5.2
89 silly currentTree ├── range-parser@1.2.0
89 silly currentTree ├── raw-body@2.3.3
89 silly currentTree ├── rc@1.2.8
89 silly currentTree ├── readable-stream@2.3.6
89 silly currentTree ├── readdirp@2.2.1
89 silly currentTree ├── regenerate-unicode-properties@8.0.2
89 silly currentTree ├── regenerate@1.4.0
89 silly currentTree ├── regenerator-runtime@0.13.2
89 silly currentTree ├── regenerator-transform@0.13.4
89 silly currentTree ├── regex-not@1.0.2
89 silly currentTree ├── regexp-tree@0.1.6
89 silly currentTree ├── regexpu-core@4.5.4
89 silly currentTree ├── registry-auth-token@3.4.0
89 silly currentTree ├── registry-url@3.1.0
89 silly currentTree ├── regjsgen@0.5.0
89 silly currentTree ├─┬ regjsparser@0.6.0
89 silly currentTree │ └── jsesc@0.5.0
89 silly currentTree ├── remove-trailing-separator@1.1.0
89 silly currentTree ├── repeat-element@1.1.3
89 silly currentTree ├── repeat-string@1.6.1
89 silly currentTree ├── resolve-url@0.2.1
89 silly currentTree ├── resolve@1.10.1
89 silly currentTree ├── ret@0.1.15
89 silly currentTree ├── retry-as-promised@2.3.2
89 silly currentTree ├── safe-buffer@5.1.2
89 silly currentTree ├── safe-regex@1.1.0
89 silly currentTree ├── safer-buffer@2.1.2
89 silly currentTree ├─┬ semver-diff@2.1.0
89 silly currentTree │ └── semver@5.7.0
89 silly currentTree ├── semver@4.3.2
89 silly currentTree ├── send@0.16.2
89 silly currentTree ├─┬ sequelize@4.44.0
89 silly currentTree │ ├── debug@3.2.6
89 silly currentTree │ ├── ms@2.1.1
89 silly currentTree │ └── semver@5.7.0
89 silly currentTree ├── serve-static@1.13.2
89 silly currentTree ├─┬ set-value@2.0.0
89 silly currentTree │ └── extend-shallow@2.0.1
89 silly currentTree ├── setprototypeof@1.1.0
89 silly currentTree ├── shebang-command@1.2.0
89 silly currentTree ├── shebang-regex@1.0.0
89 silly currentTree ├── shimmer@1.2.1
89 silly currentTree ├── signal-exit@3.0.2
89 silly currentTree ├─┬ snapdragon-node@2.1.1
89 silly currentTree │ ├── define-property@1.0.0
89 silly currentTree │ ├── is-accessor-descriptor@1.0.0
89 silly currentTree │ ├── is-data-descriptor@1.0.0
89 silly currentTree │ └── is-descriptor@1.0.2
89 silly currentTree ├─┬ snapdragon-util@3.0.1
89 silly currentTree │ └── kind-of@3.2.2
89 silly currentTree ├─┬ snapdragon@0.8.2
89 silly currentTree │ ├── define-property@0.2.5
89 silly currentTree │ └── extend-shallow@2.0.1
89 silly currentTree ├── source-map-resolve@0.5.2
89 silly currentTree ├─┬ source-map-support@0.5.12
89 silly currentTree │ └── source-map@0.6.1
89 silly currentTree ├── source-map-url@0.4.0
89 silly currentTree ├── source-map@0.5.7
89 silly currentTree ├── split-string@3.1.0
89 silly currentTree ├── split@1.0.1
89 silly currentTree ├─┬ static-extend@0.1.2
89 silly currentTree │ └── define-property@0.2.5
89 silly currentTree ├── statuses@1.4.0
89 silly currentTree ├── string_decoder@1.1.1
89 silly currentTree ├── string-width@2.1.1
89 silly currentTree ├── strip-ansi@4.0.0
89 silly currentTree ├── strip-eof@1.0.0
89 silly currentTree ├── strip-json-comments@2.0.1
89 silly currentTree ├── supports-color@5.5.0
89 silly currentTree ├── term-size@1.2.0
89 silly currentTree ├── terraformer-wkt-parser@1.2.0
89 silly currentTree ├── terraformer@1.0.9
89 silly currentTree ├── through@2.3.8
89 silly currentTree ├── timed-out@4.0.1
89 silly currentTree ├── to-fast-properties@2.0.0
89 silly currentTree ├─┬ to-object-path@0.3.0
89 silly currentTree │ └── kind-of@3.2.2
89 silly currentTree ├── to-regex-range@2.1.1
89 silly currentTree ├── to-regex@3.0.2
89 silly currentTree ├── toposort-class@1.0.1
89 silly currentTree ├── touch@3.1.0
89 silly currentTree ├── trim-right@1.0.1
89 silly currentTree ├── type-is@1.6.18
89 silly currentTree ├── undefsafe@2.0.2
89 silly currentTree ├── unicode-canonical-property-names-ecmascript@1.0.4
89 silly currentTree ├── unicode-match-property-ecmascript@1.0.4
89 silly currentTree ├── unicode-match-property-value-ecmascript@1.1.0
89 silly currentTree ├── unicode-property-aliases-ecmascript@1.0.5
89 silly currentTree ├─┬ union-value@1.0.0
89 silly currentTree │ ├── extend-shallow@2.0.1
89 silly currentTree │ └── set-value@0.4.3
89 silly currentTree ├── unique-string@1.0.0
89 silly currentTree ├── unpipe@1.0.0
89 silly currentTree ├─┬ unset-value@1.0.0
89 silly currentTree │ ├─┬ has-value@0.3.1
89 silly currentTree │ │ └── isobject@2.1.0
89 silly currentTree │ └── has-values@0.1.4
89 silly currentTree ├── unzip-response@2.0.1
89 silly currentTree ├── upath@1.1.2
89 silly currentTree ├── update-notifier@2.5.0
89 silly currentTree ├── urix@0.1.0
89 silly currentTree ├── url-parse-lax@1.0.0
89 silly currentTree ├── use@3.1.1
89 silly currentTree ├── util-deprecate@1.0.2
89 silly currentTree ├── utils-merge@1.0.1
89 silly currentTree ├── uuid@3.3.2
89 silly currentTree ├── v8flags@3.1.2
89 silly currentTree ├── validator@10.11.0
89 silly currentTree ├── vary@1.1.2
89 silly currentTree ├── which@1.3.1
89 silly currentTree ├── widest-line@2.0.1
89 silly currentTree ├── wkx@0.4.6
89 silly currentTree ├── write-file-atomic@2.4.2
89 silly currentTree ├── xdg-basedir@3.0.0
89 silly currentTree ├── xtend@4.0.1
89 silly currentTree └── yallist@2.1.2
90 silly idealTree zombiemaprest@1.0.0
90 silly idealTree ├── @babel/code-frame@7.0.0
90 silly idealTree ├─┬ @babel/core@7.4.4
90 silly idealTree │ ├── debug@4.1.1
90 silly idealTree │ ├── ms@2.1.1
90 silly idealTree │ └── semver@5.7.0
90 silly idealTree ├── @babel/generator@7.4.4
90 silly idealTree ├── @babel/helper-annotate-as-pure@7.0.0
90 silly idealTree ├── @babel/helper-builder-binary-assignment-operator-visitor@7.1.0
90 silly idealTree ├── @babel/helper-call-delegate@7.4.4
90 silly idealTree ├── @babel/helper-define-map@7.4.4
90 silly idealTree ├── @babel/helper-explode-assignable-expression@7.1.0
90 silly idealTree ├── @babel/helper-function-name@7.1.0
90 silly idealTree ├── @babel/helper-get-function-arity@7.0.0
90 silly idealTree ├── @babel/helper-hoist-variables@7.4.4
90 silly idealTree ├── @babel/helper-member-expression-to-functions@7.0.0
90 silly idealTree ├── @babel/helper-module-imports@7.0.0
90 silly idealTree ├── @babel/helper-module-transforms@7.4.4
90 silly idealTree ├── @babel/helper-optimise-call-expression@7.0.0
90 silly idealTree ├── @babel/helper-plugin-utils@7.0.0
90 silly idealTree ├── @babel/helper-regex@7.4.4
90 silly idealTree ├── @babel/helper-remap-async-to-generator@7.1.0
90 silly idealTree ├── @babel/helper-replace-supers@7.4.4
90 silly idealTree ├── @babel/helper-simple-access@7.1.0
90 silly idealTree ├── @babel/helper-split-export-declaration@7.4.4
90 silly idealTree ├── @babel/helper-wrap-function@7.2.0
90 silly idealTree ├── @babel/helpers@7.4.4
90 silly idealTree ├── @babel/highlight@7.0.0
90 silly idealTree ├── @babel/node@7.2.2
90 silly idealTree ├── @babel/parser@7.4.4
90 silly idealTree ├── @babel/plugin-proposal-async-generator-functions@7.2.0
90 silly idealTree ├── @babel/plugin-proposal-json-strings@7.2.0
90 silly idealTree ├── @babel/plugin-proposal-object-rest-spread@7.4.4
90 silly idealTree ├── @babel/plugin-proposal-optional-catch-binding@7.2.0
90 silly idealTree ├── @babel/plugin-proposal-unicode-property-regex@7.4.4
90 silly idealTree ├── @babel/plugin-syntax-async-generators@7.2.0
90 silly idealTree ├── @babel/plugin-syntax-json-strings@7.2.0
90 silly idealTree ├── @babel/plugin-syntax-object-rest-spread@7.2.0
90 silly idealTree ├── @babel/plugin-syntax-optional-catch-binding@7.2.0
90 silly idealTree ├── @babel/plugin-transform-arrow-functions@7.2.0
90 silly idealTree ├── @babel/plugin-transform-async-to-generator@7.4.4
90 silly idealTree ├── @babel/plugin-transform-block-scoped-functions@7.2.0
90 silly idealTree ├── @babel/plugin-transform-block-scoping@7.4.4
90 silly idealTree ├── @babel/plugin-transform-classes@7.4.4
90 silly idealTree ├── @babel/plugin-transform-computed-properties@7.2.0
90 silly idealTree ├── @babel/plugin-transform-destructuring@7.4.4
90 silly idealTree ├── @babel/plugin-transform-dotall-regex@7.4.4
90 silly idealTree ├── @babel/plugin-transform-duplicate-keys@7.2.0
90 silly idealTree ├── @babel/plugin-transform-exponentiation-operator@7.2.0
90 silly idealTree ├── @babel/plugin-transform-for-of@7.4.4
90 silly idealTree ├── @babel/plugin-transform-function-name@7.4.4
90 silly idealTree ├── @babel/plugin-transform-literals@7.2.0
90 silly idealTree ├── @babel/plugin-transform-member-expression-literals@7.2.0
90 silly idealTree ├── @babel/plugin-transform-modules-amd@7.2.0
90 silly idealTree ├── @babel/plugin-transform-modules-commonjs@7.4.4
90 silly idealTree ├── @babel/plugin-transform-modules-systemjs@7.4.4
90 silly idealTree ├── @babel/plugin-transform-modules-umd@7.2.0
90 silly idealTree ├── @babel/plugin-transform-named-capturing-groups-regex@7.4.4
90 silly idealTree ├── @babel/plugin-transform-new-target@7.4.4
90 silly idealTree ├── @babel/plugin-transform-object-super@7.2.0
90 silly idealTree ├── @babel/plugin-transform-parameters@7.4.4
90 silly idealTree ├── @babel/plugin-transform-property-literals@7.2.0
90 silly idealTree ├── @babel/plugin-transform-regenerator@7.4.4
90 silly idealTree ├── @babel/plugin-transform-reserved-words@7.2.0
90 silly idealTree ├── @babel/plugin-transform-shorthand-properties@7.2.0
90 silly idealTree ├── @babel/plugin-transform-spread@7.2.2
90 silly idealTree ├── @babel/plugin-transform-sticky-regex@7.2.0
90 silly idealTree ├── @babel/plugin-transform-template-literals@7.4.4
90 silly idealTree ├── @babel/plugin-transform-typeof-symbol@7.2.0
90 silly idealTree ├── @babel/plugin-transform-unicode-regex@7.4.4
90 silly idealTree ├── @babel/polyfill@7.4.4
90 silly idealTree ├─┬ @babel/preset-env@7.4.4
90 silly idealTree │ └── semver@5.7.0
90 silly idealTree ├─┬ @babel/register@7.4.4
90 silly idealTree │ └── core-js@3.0.1
90 silly idealTree ├── @babel/template@7.4.4
90 silly idealTree ├─┬ @babel/traverse@7.4.4
90 silly idealTree │ ├── debug@4.1.1
90 silly idealTree │ └── ms@2.1.1
90 silly idealTree ├── @babel/types@7.4.4
90 silly idealTree ├── @types/geojson@1.0.6
90 silly idealTree ├── @types/node@12.0.0
90 silly idealTree ├── abbrev@1.1.1
90 silly idealTree ├── accepts@1.3.7
90 silly idealTree ├── ansi-align@2.0.0
90 silly idealTree ├── ansi-regex@3.0.0
90 silly idealTree ├── ansi-styles@3.2.1
90 silly idealTree ├─┬ anymatch@2.0.0
90 silly idealTree │ └── normalize-path@2.1.1
90 silly idealTree ├── arr-diff@4.0.0
90 silly idealTree ├── arr-flatten@1.1.0
90 silly idealTree ├── arr-union@3.1.0
90 silly idealTree ├── array-flatten@1.1.1
90 silly idealTree ├── array-unique@0.3.2
90 silly idealTree ├── assign-symbols@1.0.0
90 silly idealTree ├── async-each@1.0.3
90 silly idealTree ├── atob@2.1.2
90 silly idealTree ├── balanced-match@1.0.0
90 silly idealTree ├─┬ base@0.11.2
90 silly idealTree │ ├── define-property@1.0.0
90 silly idealTree │ ├── is-accessor-descriptor@1.0.0
90 silly idealTree │ ├── is-data-descriptor@1.0.0
90 silly idealTree │ └── is-descriptor@1.0.2
90 silly idealTree ├── binary-extensions@1.13.1
90 silly idealTree ├── bluebird@3.5.4
90 silly idealTree ├── body-parser@1.18.3
90 silly idealTree ├── boxen@1.3.0
90 silly idealTree ├── brace-expansion@1.1.11
90 silly idealTree ├─┬ braces@2.3.2
90 silly idealTree │ └── extend-shallow@2.0.1
90 silly idealTree ├── browserslist@4.5.6
90 silly idealTree ├── buffer-from@1.1.1
90 silly idealTree ├── buffer-writer@2.0.0
90 silly idealTree ├── bytes@3.0.0
90 silly idealTree ├── cache-base@1.0.1
90 silly idealTree ├── camelcase@4.1.0
90 silly idealTree ├── caniuse-lite@1.0.30000967
90 silly idealTree ├── capture-stack-trace@1.0.1
90 silly idealTree ├── chalk@2.4.2
90 silly idealTree ├── chokidar@2.1.5
90 silly idealTree ├── ci-info@1.6.0
90 silly idealTree ├─┬ class-utils@0.3.6
90 silly idealTree │ └── define-property@0.2.5
90 silly idealTree ├── cli-boxes@1.0.0
90 silly idealTree ├── cls-bluebird@2.1.0
90 silly idealTree ├── collection-visit@1.0.0
90 silly idealTree ├── color-convert@1.9.3
90 silly idealTree ├── color-name@1.1.3
90 silly idealTree ├── commander@2.20.0
90 silly idealTree ├── commondir@1.0.1
90 silly idealTree ├── component-emitter@1.3.0
90 silly idealTree ├── concat-map@0.0.1
90 silly idealTree ├─┬ configstore@3.1.2
90 silly idealTree │ ├── make-dir@1.3.0
90 silly idealTree │ └── pify@3.0.0
90 silly idealTree ├── content-disposition@0.5.2
90 silly idealTree ├── content-type@1.0.4
90 silly idealTree ├── convert-source-map@1.6.0
90 silly idealTree ├── cookie-signature@1.0.6
90 silly idealTree ├── cookie@0.3.1
90 silly idealTree ├── copy-descriptor@0.1.1
90 silly idealTree ├─┬ core-js-compat@3.0.1
90 silly idealTree │ ├── core-js@3.0.1
90 silly idealTree │ └── semver@6.0.0
90 silly idealTree ├── core-js-pure@3.0.1
90 silly idealTree ├── core-js@2.6.5
90 silly idealTree ├── core-util-is@1.0.2
90 silly idealTree ├── cors@2.8.5
90 silly idealTree ├── create-error-class@3.0.2
90 silly idealTree ├── cross-spawn@5.1.0
90 silly idealTree ├── crypto-random-string@1.0.0
90 silly idealTree ├── debug@2.6.9
90 silly idealTree ├── decode-uri-component@0.2.0
90 silly idealTree ├── deep-extend@0.6.0
90 silly idealTree ├─┬ define-property@2.0.2
90 silly idealTree │ ├── is-accessor-descriptor@1.0.0
90 silly idealTree │ ├── is-data-descriptor@1.0.0
90 silly idealTree │ └── is-descriptor@1.0.2
90 silly idealTree ├── depd@1.1.2
90 silly idealTree ├── destroy@1.0.4
90 silly idealTree ├── dot-prop@4.2.0
90 silly idealTree ├── dotenv@8.0.0
90 silly idealTree ├── dottie@2.0.1
90 silly idealTree ├── duplexer3@0.1.4
90 silly idealTree ├── ee-first@1.1.1
90 silly idealTree ├── electron-to-chromium@1.3.131
90 silly idealTree ├── encodeurl@1.0.2
90 silly idealTree ├── escape-html@1.0.3
90 silly idealTree ├── escape-string-regexp@1.0.5
90 silly idealTree ├── esutils@2.0.2
90 silly idealTree ├── etag@1.8.1
90 silly idealTree ├── execa@0.7.0
90 silly idealTree ├─┬ expand-brackets@2.1.4
90 silly idealTree │ ├── define-property@0.2.5
90 silly idealTree │ └── extend-shallow@2.0.1
90 silly idealTree ├── express@4.16.4
90 silly idealTree ├─┬ extend-shallow@3.0.2
90 silly idealTree │ └── is-extendable@1.0.1
90 silly idealTree ├─┬ extglob@2.0.4
90 silly idealTree │ ├── define-property@1.0.0
90 silly idealTree │ ├── extend-shallow@2.0.1
90 silly idealTree │ ├── is-accessor-descriptor@1.0.0
90 silly idealTree │ ├── is-data-descriptor@1.0.0
90 silly idealTree │ └── is-descriptor@1.0.2
90 silly idealTree ├─┬ fill-range@4.0.0
90 silly idealTree │ └── extend-shallow@2.0.1
90 silly idealTree ├── finalhandler@1.1.1
90 silly idealTree ├── find-cache-dir@2.1.0
90 silly idealTree ├── find-up@3.0.0
90 silly idealTree ├── for-in@1.0.2
90 silly idealTree ├── forwarded@0.1.2
90 silly idealTree ├── fragment-cache@0.2.1
90 silly idealTree ├── fresh@0.5.2
90 silly idealTree ├── generic-pool@3.5.0
90 silly idealTree ├── get-stream@3.0.0
90 silly idealTree ├── get-value@2.0.6
90 silly idealTree ├─┬ glob-parent@3.1.0
90 silly idealTree │ └── is-glob@3.1.0
90 silly idealTree ├── global-dirs@0.1.1
90 silly idealTree ├── globals@11.12.0
90 silly idealTree ├── got@6.7.1
90 silly idealTree ├── graceful-fs@4.1.15
90 silly idealTree ├── has-flag@3.0.0
90 silly idealTree ├── has-value@1.0.0
90 silly idealTree ├─┬ has-values@1.0.0
90 silly idealTree │ └── kind-of@4.0.0
90 silly idealTree ├── homedir-polyfill@1.0.3
90 silly idealTree ├── http-errors@1.6.3
90 silly idealTree ├── iconv-lite@0.4.23
90 silly idealTree ├── ignore-by-default@1.0.1
90 silly idealTree ├── import-lazy@2.1.0
90 silly idealTree ├── imurmurhash@0.1.4
90 silly idealTree ├── inflection@1.12.0
90 silly idealTree ├── inherits@2.0.3
90 silly idealTree ├── ini@1.3.5
90 silly idealTree ├── invariant@2.2.4
90 silly idealTree ├── ipaddr.js@1.9.0
90 silly idealTree ├─┬ is-accessor-descriptor@0.1.6
90 silly idealTree │ └── kind-of@3.2.2
90 silly idealTree ├── is-binary-path@1.0.1
90 silly idealTree ├── is-bluebird@1.0.2
90 silly idealTree ├── is-buffer@1.1.6
90 silly idealTree ├── is-ci@1.2.1
90 silly idealTree ├─┬ is-data-descriptor@0.1.4
90 silly idealTree │ └── kind-of@3.2.2
90 silly idealTree ├─┬ is-descriptor@0.1.6
90 silly idealTree │ └── kind-of@5.1.0
90 silly idealTree ├── is-extendable@0.1.1
90 silly idealTree ├── is-extglob@2.1.1
90 silly idealTree ├── is-fullwidth-code-point@2.0.0
90 silly idealTree ├── is-glob@4.0.1
90 silly idealTree ├── is-installed-globally@0.1.0
90 silly idealTree ├── is-npm@1.0.0
90 silly idealTree ├─┬ is-number@3.0.0
90 silly idealTree │ └── kind-of@3.2.2
90 silly idealTree ├── is-obj@1.0.1
90 silly idealTree ├── is-path-inside@1.0.1
90 silly idealTree ├── is-plain-object@2.0.4
90 silly idealTree ├── is-redirect@1.0.0
90 silly idealTree ├── is-retry-allowed@1.1.0
90 silly idealTree ├── is-stream@1.1.0
90 silly idealTree ├── is-windows@1.0.2
90 silly idealTree ├── isarray@1.0.0
90 silly idealTree ├── isexe@2.0.0
90 silly idealTree ├── isobject@3.0.1
90 silly idealTree ├── js-levenshtein@1.1.6
90 silly idealTree ├── js-tokens@4.0.0
90 silly idealTree ├── jsesc@2.5.2
90 silly idealTree ├── json5@2.1.0
90 silly idealTree ├── kind-of@6.0.2
90 silly idealTree ├── latest-version@3.1.0
90 silly idealTree ├── locate-path@3.0.0
90 silly idealTree ├── lodash@4.17.11
90 silly idealTree ├── loose-envify@1.4.0
90 silly idealTree ├── lowercase-keys@1.0.1
90 silly idealTree ├── lru-cache@4.1.5
90 silly idealTree ├─┬ make-dir@2.1.0
90 silly idealTree │ └── semver@5.7.0
90 silly idealTree ├── map-cache@0.2.2
90 silly idealTree ├── map-visit@1.0.0
90 silly idealTree ├── media-typer@0.3.0
90 silly idealTree ├── merge-descriptors@1.0.1
90 silly idealTree ├── methods@1.1.2
90 silly idealTree ├── micromatch@3.1.10
90 silly idealTree ├── mime-db@1.40.0
90 silly idealTree ├── mime-types@2.1.24
90 silly idealTree ├── mime@1.4.1
90 silly idealTree ├── minimatch@3.0.4
90 silly idealTree ├── minimist@1.2.0
90 silly idealTree ├─┬ mixin-deep@1.3.1
90 silly idealTree │ └── is-extendable@1.0.1
90 silly idealTree ├─┬ mkdirp@0.5.1
90 silly idealTree │ └── minimist@0.0.8
90 silly idealTree ├── moment-timezone@0.5.25
90 silly idealTree ├── moment@2.24.0
90 silly idealTree ├── ms@2.0.0
90 silly idealTree ├── nanomatch@1.2.13
90 silly idealTree ├── negotiator@0.6.2
90 silly idealTree ├── node-modules-regexp@1.0.0
90 silly idealTree ├─┬ node-releases@1.1.17
90 silly idealTree │ └── semver@5.7.0
90 silly idealTree ├─┬ nodemon@1.19.0
90 silly idealTree │ ├── debug@3.2.6
90 silly idealTree │ ├── ms@2.1.1
90 silly idealTree │ └── semver@5.7.0
90 silly idealTree ├── nopt@1.0.10
90 silly idealTree ├── normalize-path@3.0.0
90 silly idealTree ├── npm-run-path@2.0.2
90 silly idealTree ├── object-assign@4.1.1
90 silly idealTree ├─┬ object-copy@0.1.0
90 silly idealTree │ ├── define-property@0.2.5
90 silly idealTree │ └── kind-of@3.2.2
90 silly idealTree ├── object-visit@1.0.1
90 silly idealTree ├── object.pick@1.3.0
90 silly idealTree ├── on-finished@2.3.0
90 silly idealTree ├── p-finally@1.0.0
90 silly idealTree ├── p-limit@2.2.0
90 silly idealTree ├── p-locate@3.0.0
90 silly idealTree ├── p-try@2.2.0
90 silly idealTree ├─┬ package-json@4.0.1
90 silly idealTree │ └── semver@5.7.0
90 silly idealTree ├── packet-reader@1.0.0
90 silly idealTree ├── parse-passwd@1.0.0
90 silly idealTree ├── parseurl@1.3.3
90 silly idealTree ├── pascalcase@0.1.1
90 silly idealTree ├── path-dirname@1.0.2
90 silly idealTree ├── path-exists@3.0.0
90 silly idealTree ├── path-is-absolute@1.0.1
90 silly idealTree ├── path-is-inside@1.0.2
90 silly idealTree ├── path-key@2.0.1
90 silly idealTree ├── path-parse@1.0.6
90 silly idealTree ├── path-to-regexp@0.1.7
90 silly idealTree ├── pg-connection-string@0.1.3
90 silly idealTree ├── pg-int8@1.0.1
90 silly idealTree ├── pg-pool@2.0.6
90 silly idealTree ├── pg-types@2.0.1
90 silly idealTree ├── pg@7.10.0
90 silly idealTree ├── pgpass@1.0.2
90 silly idealTree ├── pify@4.0.1
90 silly idealTree ├── pirates@4.0.1
90 silly idealTree ├── pkg-dir@3.0.0
90 silly idealTree ├── posix-character-classes@0.1.1
90 silly idealTree ├── postgres-array@2.0.0
90 silly idealTree ├── postgres-bytea@1.0.0
90 silly idealTree ├── postgres-date@1.0.4
90 silly idealTree ├── postgres-interval@1.2.0
90 silly idealTree ├── prepend-http@1.0.4
90 silly idealTree ├── private@0.1.8
90 silly idealTree ├── process-nextick-args@2.0.0
90 silly idealTree ├── proxy-addr@2.0.5
90 silly idealTree ├── pseudomap@1.0.2
90 silly idealTree ├── pstree.remy@1.1.6
90 silly idealTree ├── qs@6.5.2
90 silly idealTree ├── range-parser@1.2.0
90 silly idealTree ├── raw-body@2.3.3
90 silly idealTree ├── rc@1.2.8
90 silly idealTree ├── readable-stream@2.3.6
90 silly idealTree ├── readdirp@2.2.1
90 silly idealTree ├── regenerate-unicode-properties@8.0.2
90 silly idealTree ├── regenerate@1.4.0
90 silly idealTree ├── regenerator-runtime@0.13.2
90 silly idealTree ├── regenerator-transform@0.13.4
90 silly idealTree ├── regex-not@1.0.2
90 silly idealTree ├── regexp-tree@0.1.6
90 silly idealTree ├── regexpu-core@4.5.4
90 silly idealTree ├── registry-auth-token@3.4.0
90 silly idealTree ├── registry-url@3.1.0
90 silly idealTree ├── regjsgen@0.5.0
90 silly idealTree ├─┬ regjsparser@0.6.0
90 silly idealTree │ └── jsesc@0.5.0
90 silly idealTree ├── remove-trailing-separator@1.1.0
90 silly idealTree ├── repeat-element@1.1.3
90 silly idealTree ├── repeat-string@1.6.1
90 silly idealTree ├── resolve-url@0.2.1
90 silly idealTree ├── resolve@1.10.1
90 silly idealTree ├── ret@0.1.15
90 silly idealTree ├── retry-as-promised@2.3.2
90 silly idealTree ├── safe-buffer@5.1.2
90 silly idealTree ├── safe-regex@1.1.0
90 silly idealTree ├── safer-buffer@2.1.2
90 silly idealTree ├─┬ semver-diff@2.1.0
90 silly idealTree │ └── semver@5.7.0
90 silly idealTree ├── semver@4.3.2
90 silly idealTree ├── send@0.16.2
90 silly idealTree ├─┬ sequelize@4.44.0
90 silly idealTree │ ├── debug@3.2.6
90 silly idealTree │ ├── ms@2.1.1
90 silly idealTree │ └── semver@5.7.0
90 silly idealTree ├── serve-static@1.13.2
90 silly idealTree ├─┬ set-value@2.0.0
90 silly idealTree │ └── extend-shallow@2.0.1
90 silly idealTree ├── setprototypeof@1.1.0
90 silly idealTree ├── shebang-command@1.2.0
90 silly idealTree ├── shebang-regex@1.0.0
90 silly idealTree ├── shimmer@1.2.1
90 silly idealTree ├── signal-exit@3.0.2
90 silly idealTree ├─┬ snapdragon-node@2.1.1
90 silly idealTree │ ├── define-property@1.0.0
90 silly idealTree │ ├── is-accessor-descriptor@1.0.0
90 silly idealTree │ ├── is-data-descriptor@1.0.0
90 silly idealTree │ └── is-descriptor@1.0.2
90 silly idealTree ├─┬ snapdragon-util@3.0.1
90 silly idealTree │ └── kind-of@3.2.2
90 silly idealTree ├─┬ snapdragon@0.8.2
90 silly idealTree │ ├── define-property@0.2.5
90 silly idealTree │ └── extend-shallow@2.0.1
90 silly idealTree ├── source-map-resolve@0.5.2
90 silly idealTree ├─┬ source-map-support@0.5.12
90 silly idealTree │ └── source-map@0.6.1
90 silly idealTree ├── source-map-url@0.4.0
90 silly idealTree ├── source-map@0.5.7
90 silly idealTree ├── split-string@3.1.0
90 silly idealTree ├── split@1.0.1
90 silly idealTree ├─┬ static-extend@0.1.2
90 silly idealTree │ └── define-property@0.2.5
90 silly idealTree ├── statuses@1.4.0
90 silly idealTree ├── string_decoder@1.1.1
90 silly idealTree ├── string-width@2.1.1
90 silly idealTree ├── strip-ansi@4.0.0
90 silly idealTree ├── strip-eof@1.0.0
90 silly idealTree ├── strip-json-comments@2.0.1
90 silly idealTree ├── supports-color@5.5.0
90 silly idealTree ├── term-size@1.2.0
90 silly idealTree ├── terraformer-wkt-parser@1.2.0
90 silly idealTree ├── terraformer@1.0.9
90 silly idealTree ├── through@2.3.8
90 silly idealTree ├── timed-out@4.0.1
90 silly idealTree ├── to-fast-properties@2.0.0
90 silly idealTree ├─┬ to-object-path@0.3.0
90 silly idealTree │ └── kind-of@3.2.2
90 silly idealTree ├── to-regex-range@2.1.1
90 silly idealTree ├── to-regex@3.0.2
90 silly idealTree ├── toposort-class@1.0.1
90 silly idealTree ├── touch@3.1.0
90 silly idealTree ├── trim-right@1.0.1
90 silly idealTree ├── type-is@1.6.18
90 silly idealTree ├── undefsafe@2.0.2
90 silly idealTree ├── unicode-canonical-property-names-ecmascript@1.0.4
90 silly idealTree ├── unicode-match-property-ecmascript@1.0.4
90 silly idealTree ├── unicode-match-property-value-ecmascript@1.1.0
90 silly idealTree ├── unicode-property-aliases-ecmascript@1.0.5
90 silly idealTree ├─┬ union-value@1.0.0
90 silly idealTree │ ├── extend-shallow@2.0.1
90 silly idealTree │ └── set-value@0.4.3
90 silly idealTree ├── unique-string@1.0.0
90 silly idealTree ├── unpipe@1.0.0
90 silly idealTree ├─┬ unset-value@1.0.0
90 silly idealTree │ ├─┬ has-value@0.3.1
90 silly idealTree │ │ └── isobject@2.1.0
90 silly idealTree │ └── has-values@0.1.4
90 silly idealTree ├── unzip-response@2.0.1
90 silly idealTree ├── upath@1.1.2
90 silly idealTree ├── update-notifier@2.5.0
90 silly idealTree ├── urix@0.1.0
90 silly idealTree ├── url-parse-lax@1.0.0
90 silly idealTree ├── use@3.1.1
90 silly idealTree ├── util-deprecate@1.0.2
90 silly idealTree ├── utils-merge@1.0.1
90 silly idealTree ├── uuid@3.3.2
90 silly idealTree ├── v8flags@3.1.2
90 silly idealTree ├── validator@10.11.0
90 silly idealTree ├── vary@1.1.2
90 silly idealTree ├── which@1.3.1
90 silly idealTree ├── widest-line@2.0.1
90 silly idealTree ├── wkx@0.4.6
90 silly idealTree ├── write-file-atomic@2.4.2
90 silly idealTree ├── xdg-basedir@3.0.0
90 silly idealTree ├── xtend@4.0.1
90 silly idealTree └── yallist@2.1.2
91 silly generateActionsToTake Starting
92 silly install generateActionsToTake
93 warn checkPermissions Missing write access to /home/rogerdc/Documents/Zombie_Map/node_modules
94 silly rollbackFailedOptional Starting
95 silly rollbackFailedOptional Finishing
96 silly runTopLevelLifecycles Starting
97 silly runTopLevelLifecycles Finishing
98 silly install printInstalled
99 warn optional Skipping failed optional dependency /chokidar/fsevents:
100 warn notsup Not compatible with your operating system or architecture: fsevents@1.2.9
101 warn zombiemaprest@1.0.0 No description
102 warn zombiemaprest@1.0.0 No repository field.
103 verbose stack Error: EACCES: permission denied, access '/home/rogerdc/Documents/Zombie_Map/node_modules'
104 verbose cwd /home/rogerdc/Documents/Zombie_Map
105 error Linux 4.15.0-48-generic
106 error argv "/usr/bin/node" "/usr/bin/npm" "i" "dotenv"
107 error node v8.10.0
108 error npm  v3.5.2
109 error path /home/rogerdc/Documents/Zombie_Map/node_modules
110 error code EACCES
111 error errno -13
112 error syscall access
113 error Error: EACCES: permission denied, access '/home/rogerdc/Documents/Zombie_Map/node_modules'
113 error  { Error: EACCES: permission denied, access '/home/rogerdc/Documents/Zombie_Map/node_modules'
113 error   errno: -13,
113 error   code: 'EACCES',
113 error   syscall: 'access',
113 error   path: '/home/rogerdc/Documents/Zombie_Map/node_modules' }
114 error Please try running this command again as root/Administrator.
115 verbose exit [ -13, true ]
